Getting ready...
Ready! You are using Stripe API Version [2026-06-24.dahlia]. Your webhook signing secret is whsec_e3891d3853f73197a29cca04ea5d72005ab56fe65c09f6caa28e1e719398f06b (^C to quit)
time="Fri, 26 Jun 2026 12:40:11 SAST" level=error msg="Error when writing ping message: websocket: close sent" prefix=websocket.Client.writePump
time="Fri, 26 Jun 2026 12:59:03 SAST" level=error msg="Error when writing ping message: websocket: close sent" prefix=websocket.Client.writePump
time="Fri, 26 Jun 2026 13:10:24 SAST" level=error msg="Error when writing ping message: websocket: close sent" prefix=websocket.Client.writePump
time="Fri, 26 Jun 2026 13:14:11 SAST" level=error msg="Error when writing ping message: websocket: close sent" prefix=websocket.Client.writePump
time="Fri, 26 Jun 2026 13:37:14 SAST" level=error msg="Error when writing ping message: websocket: close sent" prefix=websocket.Client.writePump
time="Fri, 26 Jun 2026 13:48:33 SAST" level=error msg="Error when writing ping message: websocket: close sent" prefix=websocket.Client.writePump
time="Fri, 26 Jun 2026 13:52:19 SAST" level=error msg="Error when writing ping message: websocket: close sent" prefix=websocket.Client.writePump
time="Fri, 26 Jun 2026 13:56:06 SAST" level=error msg="Error when writing ping message: websocket: close sent" prefix=websocket.Client.writePump
time="Fri, 26 Jun 2026 14:07:25 SAST" level=error msg="Error when writing ping message: websocket: close sent" prefix=websocket.Client.writePump
time="Fri, 26 Jun 2026 14:30:18 SAST" level=error msg="Error when writing ping message: write tcp 192.168.1.124:53853->54.186.23.98:443: wsasend: An established connection was aborted by the software in your host machine." prefix=websocket.Client.writePump
Session expired, reconnecting...
Ready! You are using Stripe API Version [2026-06-24.dahlia]. Your webhook signing secret is whsec_e3891d3853f73197a29cca04ea5d72005ab56fe65c09f6caa28e1e719398f06b (^C to quit)
time="Fri, 26 Jun 2026 18:01:32 SAST" level=error msg="Error when writing ping message: write tcp 192.168.1.124:60041->54.187.119.242:443: wsasend: An existing connection was forcibly closed by the remote host." prefix=websocket.Client.writePump
Session expired, reconnecting...
Ready! You are using Stripe API Version [2026-06-24.dahlia]. Your webhook signing secret is whsec_e3891d3853f73197a29cca04ea5d72005ab56fe65c09f6caa28e1e719398f06b (^C to quit)
Session expired, reconnecting...
Ready! You are using Stripe API Version [2026-06-24.dahlia]. Your webhook signing secret is whsec_e3891d3853f73197a29cca04ea5d72005ab56fe65c09f6caa28e1e719398f06b (^C to quit)
time="Fri, 26 Jun 2026 20:04:55 SAST" level=error msg="Error when writing ping message: websocket: close sent" prefix=websocket.Client.writePump
time="Fri, 26 Jun 2026 20:17:39 SAST" level=error msg="Error when writing ping message: websocket: close sent" prefix=websocket.Client.writePump
Session expired, reconnecting...
Ready! You are using Stripe API Version [2026-06-24.dahlia]. Your webhook signing secret is whsec_e3891d3853f73197a29cca04ea5d72005ab56fe65c09f6caa28e1e719398f06b (^C to quit)
Session expired, reconnecting...
Ready! You are using Stripe API Version [2026-06-24.dahlia]. Your webhook signing secret is whsec_e3891d3853f73197a29cca04ea5d72005ab56fe65c09f6caa28e1e719398f06b (^C to quit)
Session expired, reconnecting...
Ready! You are using Stripe API Version [2026-06-24.dahlia]. Your webhook signing secret is whsec_e3891d3853f73197a29cca04ea5d72005ab56fe65c09f6caa28e1e719398f06b (^C to quit)
Session expired, reconnecting...
Ready! You are using Stripe API Version [2026-06-24.dahlia]. Your webhook signing secret is whsec_e3891d3853f73197a29cca04ea5d72005ab56fe65c09f6caa28e1e719398f06b (^C to quit)
Session expired, reconnecting...
Ready! You are using Stripe API Version [2026-06-24.dahlia]. Your webhook signing secret is whsec_e3891d3853f73197a29cca04ea5d72005ab56fe65c09f6caa28e1e719398f06b (^C to quit)
